# JRE version: OpenJDK Runtime Environment Temurin-21.0.11+10 (21.0.11+10) (build 21.0.11+10-LTS)
# Java VM: OpenJDK 64-Bit Server VM Temurin-21.0.11+10 (21.0.11+10-LTS, mixed mode, sharing, tiered, compressed oops, compressed class ptrs, g1 gc, windows-amd64)
GC Precious Log:
 CardTable entry size: 512
 Card Set container configuration: InlinePtr #cards 5 size 8 Array Of Cards #cards 12 size 40 Howl #buckets 4 coarsen threshold 1843 Howl Bitmap #cards 512 size 80 coarsen threshold 460 Card regions per heap region 1 cards per card region 2048
 CPUs: 4 total, 4 available
 Memory: 7834M
 Large Page Support: Disabled
 NUMA Support: Disabled
 Compressed Oops: Enabled (32-bit)
 Heap Region Size: 1M
 Heap Min Capacity: 256M
 Heap Initial Capacity: 256M
 Heap Max Capacity: 512M
 Pre-touch: Disabled
 Parallel Workers: 4
 Concurrent Workers: 1
 Concurrent Refinement Workers: 4
 Periodic GC: Disabled
Heap:
 garbage-first heap   total 287744K, used 238592K [0x00000000e0000000, 0x0000000100000000)
  region size 1024K, 150 young (153600K), 19 survivors (19456K)
 Metaspace       used 56612K, committed 58304K, reserved 393216K
  class space    used 8080K, committed 8896K, reserved 327680K
GC Heap History (20 events):
Event: 37.372 GC heap after
{Heap after GC invocations=11 (full 0):
 garbage-first heap   total 262144K, used 40723K [0x00000000e0000000, 0x0000000100000000)
  region size 1024K, 17 young (17408K), 17 survivors (17408K)
 Metaspace       used 45117K, committed 46528K, reserved 393216K
  class space    used 6550K, committed 7232K, reserved 327680K
}
Event: 45.396 GC heap before
{Heap before GC invocations=11 (full 0):
 garbage-first heap   total 262144K, used 179987K [0x00000000e0000000, 0x0000000100000000)
  region size 1024K, 153 young (156672K), 17 survivors (17408K)
 Metaspace       used 55068K, committed 56832K, reserved 393216K
  class space    used 7944K, committed 8832K, reserved 327680K
}
Event: 45.437 GC heap after
{Heap after GC invocations=12 (full 0):
 garbage-first heap   total 262144K, used 48075K [0x00000000e0000000, 0x0000000100000000)
  region size 1024K, 17 young (17408K), 17 survivors (17408K)
 Metaspace       used 55068K, committed 56832K, reserved 393216K
  class space    used 7944K, committed 8832K, reserved 327680K
}
Event: 46.826 GC heap before
{Heap before GC invocations=12 (full 0):
 garbage-first heap   total 262144K, used 189387K [0x00000000e0000000, 0x0000000100000000)
  region size 1024K, 154 young (157696K), 17 survivors (17408K)
 Metaspace       used 55814K, committed 57536K, reserved 393216K
  class space    used 8044K, committed 8896K, reserved 327680K
}
Event: 46.859 GC heap after
{Heap after GC invocations=13 (full 0):
 garbage-first heap   total 262144K, used 57344K [0x00000000e0000000, 0x0000000100000000)
  region size 1024K, 16 young (16384K), 16 survivors (16384K)
 Metaspace       used 55814K, committed 57536K, reserved 393216K
  class space    used 8044K, committed 8896K, reserved 327680K
}
Event: 49.418 GC heap before
{Heap before GC invocations=13 (full 0):
 garbage-first heap   total 262144K, used 198656K [0x00000000e0000000, 0x0000000100000000)
  region size 1024K, 153 young (156672K), 16 survivors (16384K)
 Metaspace       used 55963K, committed 57600K, reserved 393216K
  class space    used 8044K, committed 8896K, reserved 327680K
}
Event: 49.451 GC heap after
{Heap after GC invocations=14 (full 0):
 garbage-first heap   total 262144K, used 62464K [0x00000000e0000000, 0x0000000100000000)
  region size 1024K, 13 young (13312K), 13 survivors (13312K)
 Metaspace       used 55963K, committed 57600K, reserved 393216K
  class space    used 8044K, committed 8896K, reserved 327680K
}
Event: 51.641 GC heap before
{Heap before GC invocations=14 (full 0):
 garbage-first heap   total 262144K, used 207872K [0x00000000e0000000, 0x0000000100000000)
  region size 1024K, 153 young (156672K), 13 survivors (13312K)
 Metaspace       used 56079K, committed 57792K, reserved 393216K
  class space    used 8044K, committed 8896K, reserved 327680K
}
Event: 51.657 GC heap after
{Heap after GC invocations=15 (full 0):
 garbage-first heap   total 262144K, used 69120K [0x00000000e0000000, 0x0000000100000000)
  region size 1024K, 12 young (12288K), 12 survivors (12288K)
 Metaspace       used 56079K, committed 57792K, reserved 393216K
  class space    used 8044K, committed 8896K, reserved 327680K
}
Event: 53.704 GC heap before
{Heap before GC invocations=15 (full 0):
 garbage-first heap   total 262144K, used 212480K [0x00000000e0000000, 0x0000000100000000)
  region size 1024K, 154 young (157696K), 12 survivors (12288K)
 Metaspace       used 56190K, committed 57856K, reserved 393216K
  class space    used 8045K, committed 8896K, reserved 327680K
}
Event: 53.726 GC heap after
{Heap after GC invocations=16 (full 0):
 garbage-first heap   total 262144K, used 74538K [0x00000000e0000000, 0x0000000100000000)
  region size 1024K, 11 young (11264K), 11 survivors (11264K)
 Metaspace       used 56190K, committed 57856K, reserved 393216K
  class space    used 8045K, committed 8896K, reserved 327680K
}
Event: 55.390 GC heap before
{Heap before GC invocations=16 (full 0):
 garbage-first heap   total 262144K, used 218922K [0x00000000e0000000, 0x0000000100000000)
  region size 1024K, 153 young (156672K), 11 survivors (11264K)
 Metaspace       used 56224K, committed 57920K, reserved 393216K
  class space    used 8045K, committed 8896K, reserved 327680K
}
Event: 55.403 GC heap after
{Heap after GC invocations=17 (full 0):
 garbage-first heap   total 262144K, used 78090K [0x00000000e0000000, 0x0000000100000000)
  region size 1024K, 9 young (9216K), 9 survivors (9216K)
 Metaspace       used 56224K, committed 57920K, reserved 393216K
  class space    used 8045K, committed 8896K, reserved 327680K
}
Event: 56.195 GC heap before
{Heap before GC invocations=17 (full 0):
 garbage-first heap   total 262144K, used 224522K [0x00000000e0000000, 0x0000000100000000)
  region size 1024K, 153 young (156672K), 9 survivors (9216K)
 Metaspace       used 56280K, committed 57984K, reserved 393216K
  class space    used 8045K, committed 8896K, reserved 327680K
}
Event: 56.211 GC heap after
{Heap after GC invocations=18 (full 0):
 garbage-first heap   total 262144K, used 83722K [0x00000000e0000000, 0x0000000100000000)
  region size 1024K, 15 young (15360K), 15 survivors (15360K)
 Metaspace       used 56280K, committed 57984K, reserved 393216K
  class space    used 8045K, committed 8896K, reserved 327680K
}
Event: 56.792 GC heap before
{Heap before GC invocations=18 (full 0):
 garbage-first heap   total 262144K, used 225034K [0x00000000e0000000, 0x0000000100000000)
  region size 1024K, 153 young (156672K), 15 survivors (15360K)
 Metaspace       used 56343K, committed 57984K, reserved 393216K
  class space    used 8045K, committed 8896K, reserved 327680K
}
Event: 56.805 GC heap after
{Heap after GC invocations=19 (full 0):
 garbage-first heap   total 262144K, used 86883K [0x00000000e0000000, 0x0000000100000000)
  region size 1024K, 13 young (13312K), 13 survivors (13312K)
 Metaspace       used 56343K, committed 57984K, reserved 393216K
  class space    used 8045K, committed 8896K, reserved 327680K
}
Event: 57.733 GC heap before
{Heap before GC invocations=19 (full 0):
 garbage-first heap   total 262144K, used 231267K [0x00000000e0000000, 0x0000000100000000)
  region size 1024K, 153 young (156672K), 13 survivors (13312K)
 Metaspace       used 56382K, committed 58048K, reserved 393216K
  class space    used 8045K, committed 8896K, reserved 327680K
}
Event: 57.758 GC heap after
{Heap after GC invocations=20 (full 0):
 garbage-first heap   total 262144K, used 100352K [0x00000000e0000000, 0x0000000100000000)
  region size 1024K, 20 young (20480K), 20 survivors (20480K)
 Metaspace       used 56382K, committed 58048K, reserved 393216K
  class space    used 8045K, committed 8896K, reserved 327680K
}
Event: 60.087 GC heap before
{Heap before GC invocations=20 (full 0):
 garbage-first heap   total 262144K, used 237568K [0x00000000e0000000, 0x0000000100000000)
  region size 1024K, 151 young (154624K), 20 survivors (20480K)
 Metaspace       used 56612K, committed 58304K, reserved 393216K
  class space    used 8080K, committed 8896K, reserved 327680K
}

