# JRE version: OpenJDK Runtime Environment Temurin-21.0.11+10 (21.0.11+10) (build 21.0.11+10-LTS)
# Java VM: OpenJDK 64-Bit Server VM Temurin-21.0.11+10 (21.0.11+10-LTS, mixed mode, sharing, tiered, compressed oops, compressed class ptrs, g1 gc, windows-amd64)
GC Precious Log:
 CardTable entry size: 512
 Card Set container configuration: InlinePtr #cards 5 size 8 Array Of Cards #cards 12 size 40 Howl #buckets 4 coarsen threshold 1843 Howl Bitmap #cards 512 size 80 coarsen threshold 460 Card regions per heap region 1 cards per card region 2048
 CPUs: 4 total, 4 available
 Memory: 7834M
 Large Page Support: Disabled
 NUMA Support: Disabled
 Compressed Oops: Enabled (32-bit)
 Heap Region Size: 1M
 Heap Min Capacity: 256M
 Heap Initial Capacity: 256M
 Heap Max Capacity: 512M
 Pre-touch: Disabled
 Parallel Workers: 4
 Concurrent Workers: 1
 Concurrent Refinement Workers: 4
 Periodic GC: Disabled
Heap:
 garbage-first heap   total 262144K, used 135939K [0x00000000e0000000, 0x0000000100000000)
  region size 1024K, 42 young (43008K), 2 survivors (2048K)
 Metaspace       used 103301K, committed 105728K, reserved 458752K
  class space    used 14586K, committed 15744K, reserved 327680K
GC Heap History (20 events):
Event: 38.653 GC heap before
{Heap before GC invocations=10 (full 0):
 garbage-first heap   total 262144K, used 183849K [0x00000000e0000000, 0x0000000100000000)
  region size 1024K, 153 young (156672K), 10 survivors (10240K)
 Metaspace       used 45564K, committed 47040K, reserved 393216K
  class space    used 6611K, committed 7360K, reserved 327680K
}
Event: 38.711 GC heap after
{Heap after GC invocations=11 (full 0):
 garbage-first heap   total 262144K, used 39391K [0x00000000e0000000, 0x0000000100000000)
  region size 1024K, 18 young (18432K), 18 survivors (18432K)
 Metaspace       used 45564K, committed 47040K, reserved 393216K
  class space    used 6611K, committed 7360K, reserved 327680K
}
Event: 51.853 GC heap before
{Heap before GC invocations=11 (full 0):
 garbage-first heap   total 262144K, used 177631K [0x00000000e0000000, 0x0000000100000000)
  region size 1024K, 153 young (156672K), 18 survivors (18432K)
 Metaspace       used 54530K, committed 56320K, reserved 393216K
  class space    used 7972K, committed 8832K, reserved 327680K
}
Event: 51.955 GC heap after
{Heap after GC invocations=12 (full 0):
 garbage-first heap   total 262144K, used 45343K [0x00000000e0000000, 0x0000000100000000)
  region size 1024K, 14 young (14336K), 14 survivors (14336K)
 Metaspace       used 54530K, committed 56320K, reserved 393216K
  class space    used 7972K, committed 8832K, reserved 327680K
}
Event: 55.462 GC heap before
{Heap before GC invocations=12 (full 0):
 garbage-first heap   total 262144K, used 79135K [0x00000000e0000000, 0x0000000100000000)
  region size 1024K, 49 young (50176K), 14 survivors (14336K)
 Metaspace       used 59435K, committed 61248K, reserved 393216K
  class space    used 8586K, committed 9472K, reserved 327680K
}
Event: 55.490 GC heap after
{Heap after GC invocations=13 (full 0):
 garbage-first heap   total 262144K, used 48981K [0x00000000e0000000, 0x0000000100000000)
  region size 1024K, 10 young (10240K), 10 survivors (10240K)
 Metaspace       used 59435K, committed 61248K, reserved 393216K
  class space    used 8586K, committed 9472K, reserved 327680K
}
Event: 73.018 GC heap before
{Heap before GC invocations=14 (full 0):
 garbage-first heap   total 262144K, used 200533K [0x00000000e0000000, 0x0000000100000000)
  region size 1024K, 153 young (156672K), 10 survivors (10240K)
 Metaspace       used 74842K, committed 76928K, reserved 393216K
  class space    used 10809K, committed 11840K, reserved 327680K
}
Event: 73.102 GC heap after
{Heap after GC invocations=15 (full 0):
 garbage-first heap   total 262144K, used 65365K [0x00000000e0000000, 0x0000000100000000)
  region size 1024K, 20 young (20480K), 20 survivors (20480K)
 Metaspace       used 74842K, committed 76928K, reserved 393216K
  class space    used 10809K, committed 11840K, reserved 327680K
}
Event: 90.112 GC heap before
{Heap before GC invocations=15 (full 0):
 garbage-first heap   total 262144K, used 200533K [0x00000000e0000000, 0x0000000100000000)
  region size 1024K, 153 young (156672K), 20 survivors (20480K)
 Metaspace       used 81857K, committed 84032K, reserved 458752K
  class space    used 11853K, committed 12928K, reserved 327680K
}
Event: 90.181 GC heap after
{Heap after GC invocations=16 (full 0):
 garbage-first heap   total 262144K, used 76049K [0x00000000e0000000, 0x0000000100000000)
  region size 1024K, 14 young (14336K), 14 survivors (14336K)
 Metaspace       used 81857K, committed 84032K, reserved 458752K
  class space    used 11853K, committed 12928K, reserved 327680K
}
Event: 132.686 GC heap before
{Heap before GC invocations=16 (full 0):
 garbage-first heap   total 262144K, used 217361K [0x00000000e0000000, 0x0000000100000000)
  region size 1024K, 153 young (156672K), 14 survivors (14336K)
 Metaspace       used 83772K, committed 86016K, reserved 458752K
  class space    used 11977K, committed 13056K, reserved 327680K
}
Event: 132.845 GC heap after
{Heap after GC invocations=17 (full 0):
 garbage-first heap   total 262144K, used 78848K [0x00000000e0000000, 0x0000000100000000)
  region size 1024K, 4 young (4096K), 4 survivors (4096K)
 Metaspace       used 83772K, committed 86016K, reserved 458752K
  class space    used 11977K, committed 13056K, reserved 327680K
}
Event: 165.977 GC heap before
{Heap before GC invocations=17 (full 0):
 garbage-first heap   total 262144K, used 230400K [0x00000000e0000000, 0x0000000100000000)
  region size 1024K, 153 young (156672K), 4 survivors (4096K)
 Metaspace       used 90581K, committed 92864K, reserved 458752K
  class space    used 12870K, committed 14016K, reserved 327680K
}
Event: 166.385 GC heap after
{Heap after GC invocations=18 (full 0):
 garbage-first heap   total 262144K, used 85504K [0x00000000e0000000, 0x0000000100000000)
  region size 1024K, 10 young (10240K), 10 survivors (10240K)
 Metaspace       used 90581K, committed 92864K, reserved 458752K
  class space    used 12870K, committed 14016K, reserved 327680K
}
Event: 166.411 GC heap before
{Heap before GC invocations=18 (full 0):
 garbage-first heap   total 262144K, used 87552K [0x00000000e0000000, 0x0000000100000000)
  region size 1024K, 12 young (12288K), 10 survivors (10240K)
 Metaspace       used 90586K, committed 92864K, reserved 458752K
  class space    used 12870K, committed 14016K, reserved 327680K
}
Event: 166.426 GC heap after
{Heap after GC invocations=19 (full 0):
 garbage-first heap   total 262144K, used 87340K [0x00000000e0000000, 0x0000000100000000)
  region size 1024K, 2 young (2048K), 2 survivors (2048K)
 Metaspace       used 90586K, committed 92864K, reserved 458752K
  class space    used 12870K, committed 14016K, reserved 327680K
}
Event: 196.194 GC heap before
{Heap before GC invocations=19 (full 0):
 garbage-first heap   total 262144K, used 234796K [0x00000000e0000000, 0x0000000100000000)
  region size 1024K, 147 young (150528K), 2 survivors (2048K)
 Metaspace       used 97252K, committed 99648K, reserved 458752K
  class space    used 13749K, committed 14912K, reserved 327680K
}
Event: 196.311 GC heap after
{Heap after GC invocations=20 (full 0):
 garbage-first heap   total 262144K, used 96023K [0x00000000e0000000, 0x0000000100000000)
  region size 1024K, 10 young (10240K), 10 survivors (10240K)
 Metaspace       used 97252K, committed 99648K, reserved 458752K
  class space    used 13749K, committed 14912K, reserved 327680K
}
Event: 203.782 GC heap before
{Heap before GC invocations=20 (full 0):
 garbage-first heap   total 262144K, used 139031K [0x00000000e0000000, 0x0000000100000000)
  region size 1024K, 54 young (55296K), 10 survivors (10240K)
 Metaspace       used 100905K, committed 103296K, reserved 458752K
  class space    used 14249K, committed 15424K, reserved 327680K
}
Event: 203.885 GC heap after
{Heap after GC invocations=21 (full 0):
 garbage-first heap   total 262144K, used 96003K [0x00000000e0000000, 0x0000000100000000)
  region size 1024K, 2 young (2048K), 2 survivors (2048K)
 Metaspace       used 100905K, committed 103296K, reserved 458752K
  class space    used 14249K, committed 15424K, reserved 327680K
}

