# JRE version: OpenJDK Runtime Environment Temurin-21.0.11+10 (21.0.11+10) (build 21.0.11+10-LTS)
# Java VM: OpenJDK 64-Bit Server VM Temurin-21.0.11+10 (21.0.11+10-LTS, mixed mode, sharing, tiered, compressed oops, compressed class ptrs, g1 gc, windows-amd64)
GC Precious Log:
 CardTable entry size: 512
 Card Set container configuration: InlinePtr #cards 5 size 8 Array Of Cards #cards 12 size 40 Howl #buckets 4 coarsen threshold 1843 Howl Bitmap #cards 512 size 80 coarsen threshold 460 Card regions per heap region 1 cards per card region 2048
 CPUs: 4 total, 4 available
 Memory: 7834M
 Large Page Support: Disabled
 NUMA Support: Disabled
 Compressed Oops: Enabled (32-bit)
 Heap Region Size: 1M
 Heap Min Capacity: 8M
 Heap Initial Capacity: 124M
 Heap Max Capacity: 1280M
 Pre-touch: Disabled
 Parallel Workers: 4
 Concurrent Workers: 1
 Concurrent Refinement Workers: 4
 Periodic GC: Disabled
Heap:
 garbage-first heap   total 237568K, used 181613K [0x00000000b0000000, 0x0000000100000000)
  region size 1024K, 46 young (47104K), 6 survivors (6144K)
 Metaspace       used 119783K, committed 122496K, reserved 557056K
  class space    used 16505K, committed 17856K, reserved 425984K
GC Heap History (20 events):
Event: 85.875 GC heap before
{Heap before GC invocations=47 (full 0):
 garbage-first heap   total 173056K, used 152393K [0x00000000b0000000, 0x0000000100000000)
  region size 1024K, 49 young (50176K), 5 survivors (5120K)
 Metaspace       used 101413K, committed 103872K, reserved 557056K
  class space    used 14241K, committed 15424K, reserved 425984K
}
Event: 85.897 GC heap after
{Heap after GC invocations=48 (full 0):
 garbage-first heap   total 173056K, used 112640K [0x00000000b0000000, 0x0000000100000000)
  region size 1024K, 7 young (7168K), 7 survivors (7168K)
 Metaspace       used 101413K, committed 103872K, reserved 557056K
  class space    used 14241K, committed 15424K, reserved 425984K
}
Event: 118.300 GC heap before
{Heap before GC invocations=49 (full 0):
 garbage-first heap   total 188416K, used 153600K [0x00000000b0000000, 0x0000000100000000)
  region size 1024K, 48 young (49152K), 7 survivors (7168K)
 Metaspace       used 101629K, committed 104128K, reserved 557056K
  class space    used 14246K, committed 15424K, reserved 425984K
}
Event: 118.463 GC heap after
{Heap after GC invocations=50 (full 0):
 garbage-first heap   total 188416K, used 115534K [0x00000000b0000000, 0x0000000100000000)
  region size 1024K, 5 young (5120K), 5 survivors (5120K)
 Metaspace       used 101629K, committed 104128K, reserved 557056K
  class space    used 14246K, committed 15424K, reserved 425984K
}
Event: 122.396 GC heap before
{Heap before GC invocations=50 (full 0):
 garbage-first heap   total 188416K, used 166734K [0x00000000b0000000, 0x0000000100000000)
  region size 1024K, 55 young (56320K), 5 survivors (5120K)
 Metaspace       used 101654K, committed 104128K, reserved 557056K
  class space    used 14247K, committed 15424K, reserved 425984K
}
Event: 122.437 GC heap after
{Heap after GC invocations=51 (full 0):
 garbage-first heap   total 188416K, used 113560K [0x00000000b0000000, 0x0000000100000000)
  region size 1024K, 4 young (4096K), 4 survivors (4096K)
 Metaspace       used 101654K, committed 104128K, reserved 557056K
  class space    used 14247K, committed 15424K, reserved 425984K
}
Event: 125.750 GC heap before
{Heap before GC invocations=51 (full 0):
 garbage-first heap   total 188416K, used 166808K [0x00000000b0000000, 0x0000000100000000)
  region size 1024K, 56 young (57344K), 4 survivors (4096K)
 Metaspace       used 101655K, committed 104128K, reserved 557056K
  class space    used 14247K, committed 15424K, reserved 425984K
}
Event: 125.769 GC heap after
{Heap after GC invocations=52 (full 0):
 garbage-first heap   total 188416K, used 114751K [0x00000000b0000000, 0x0000000100000000)
  region size 1024K, 5 young (5120K), 5 survivors (5120K)
 Metaspace       used 101655K, committed 104128K, reserved 557056K
  class space    used 14247K, committed 15424K, reserved 425984K
}
Event: 129.342 GC heap before
{Heap before GC invocations=53 (full 0):
 garbage-first heap   total 193536K, used 169023K [0x00000000b0000000, 0x0000000100000000)
  region size 1024K, 58 young (59392K), 5 survivors (5120K)
 Metaspace       used 101655K, committed 104128K, reserved 557056K
  class space    used 14247K, committed 15424K, reserved 425984K
}
Event: 129.349 GC heap after
{Heap after GC invocations=54 (full 0):
 garbage-first heap   total 193536K, used 115483K [0x00000000b0000000, 0x0000000100000000)
  region size 1024K, 6 young (6144K), 6 survivors (6144K)
 Metaspace       used 101655K, committed 104128K, reserved 557056K
  class space    used 14247K, committed 15424K, reserved 425984K
}
Event: 130.971 GC heap before
{Heap before GC invocations=54 (full 0):
 garbage-first heap   total 193536K, used 181019K [0x00000000b0000000, 0x0000000100000000)
  region size 1024K, 64 young (65536K), 6 survivors (6144K)
 Metaspace       used 104745K, committed 107328K, reserved 557056K
  class space    used 14615K, committed 15872K, reserved 425984K
}
Event: 131.005 GC heap after
{Heap after GC invocations=55 (full 0):
 garbage-first heap   total 198656K, used 126366K [0x00000000b0000000, 0x0000000100000000)
  region size 1024K, 8 young (8192K), 8 survivors (8192K)
 Metaspace       used 104745K, committed 107328K, reserved 557056K
  class space    used 14615K, committed 15872K, reserved 425984K
}
Event: 131.724 GC heap before
{Heap before GC invocations=55 (full 0):
 garbage-first heap   total 198656K, used 178590K [0x00000000b0000000, 0x0000000100000000)
  region size 1024K, 59 young (60416K), 8 survivors (8192K)
 Metaspace       used 109134K, committed 111680K, reserved 557056K
  class space    used 15052K, committed 16320K, reserved 425984K
}
Event: 131.736 GC heap after
{Heap after GC invocations=56 (full 0):
 garbage-first heap   total 198656K, used 128710K [0x00000000b0000000, 0x0000000100000000)
  region size 1024K, 2 young (2048K), 2 survivors (2048K)
 Metaspace       used 109134K, committed 111680K, reserved 557056K
  class space    used 15052K, committed 16320K, reserved 425984K
}
Event: 132.553 GC heap before
{Heap before GC invocations=57 (full 0):
 garbage-first heap   total 215040K, used 187078K [0x00000000b0000000, 0x0000000100000000)
  region size 1024K, 54 young (55296K), 2 survivors (2048K)
 Metaspace       used 112419K, committed 114944K, reserved 557056K
  class space    used 15481K, committed 16704K, reserved 425984K
}
Event: 132.560 GC heap after
{Heap after GC invocations=58 (full 0):
 garbage-first heap   total 215040K, used 134970K [0x00000000b0000000, 0x0000000100000000)
  region size 1024K, 7 young (7168K), 7 survivors (7168K)
 Metaspace       used 112419K, committed 114944K, reserved 557056K
  class space    used 15481K, committed 16704K, reserved 425984K
}
Event: 133.531 GC heap before
{Heap before GC invocations=58 (full 0):
 garbage-first heap   total 215040K, used 199482K [0x00000000b0000000, 0x0000000100000000)
  region size 1024K, 67 young (68608K), 7 survivors (7168K)
 Metaspace       used 116325K, committed 118976K, reserved 557056K
  class space    used 16006K, committed 17280K, reserved 425984K
}
Event: 133.545 GC heap after
{Heap after GC invocations=59 (full 0):
 garbage-first heap   total 215040K, used 139169K [0x00000000b0000000, 0x0000000100000000)
  region size 1024K, 3 young (3072K), 3 survivors (3072K)
 Metaspace       used 116325K, committed 118976K, reserved 557056K
  class space    used 16006K, committed 17280K, reserved 425984K
}
Event: 136.038 GC heap before
{Heap before GC invocations=59 (full 0):
 garbage-first heap   total 215040K, used 198561K [0x00000000b0000000, 0x0000000100000000)
  region size 1024K, 61 young (62464K), 3 survivors (3072K)
 Metaspace       used 119654K, committed 122304K, reserved 557056K
  class space    used 16494K, committed 17792K, reserved 425984K
}
Event: 136.046 GC heap after
{Heap after GC invocations=60 (full 0):
 garbage-first heap   total 215040K, used 141677K [0x00000000b0000000, 0x0000000100000000)
  region size 1024K, 6 young (6144K), 6 survivors (6144K)
 Metaspace       used 119654K, committed 122304K, reserved 557056K
  class space    used 16494K, committed 17792K, reserved 425984K
}

