# JRE version: OpenJDK Runtime Environment Temurin-21.0.11+10 (21.0.11+10) (build 21.0.11+10-LTS)
# Java VM: OpenJDK 64-Bit Server VM Temurin-21.0.11+10 (21.0.11+10-LTS, mixed mode, sharing, tiered, compressed oops, compressed class ptrs, g1 gc, windows-amd64)
GC Precious Log:
 CardTable entry size: 512
 Card Set container configuration: InlinePtr #cards 5 size 8 Array Of Cards #cards 12 size 40 Howl #buckets 4 coarsen threshold 1843 Howl Bitmap #cards 512 size 80 coarsen threshold 460 Card regions per heap region 1 cards per card region 2048
 CPUs: 4 total, 4 available
 Memory: 7834M
 Large Page Support: Disabled
 NUMA Support: Disabled
 Compressed Oops: Enabled (32-bit)
 Heap Region Size: 1M
 Heap Min Capacity: 8M
 Heap Initial Capacity: 124M
 Heap Max Capacity: 2G
 Pre-touch: Disabled
 Parallel Workers: 4
 Concurrent Workers: 1
 Concurrent Refinement Workers: 4
 Periodic GC: Disabled
Heap:
 garbage-first heap   total 155648K, used 107520K [0x0000000080000000, 0x0000000100000000)
  region size 1024K, 10 young (10240K), 7 survivors (7168K)
 Metaspace       used 88328K, committed 90688K, reserved 1179648K
  class space    used 12608K, committed 13760K, reserved 1048576K
GC Heap History (20 events):
Event: 70.604 GC heap before
{Heap before GC invocations=33 (full 0):
 garbage-first heap   total 124928K, used 109757K [0x0000000080000000, 0x0000000100000000)
  region size 1024K, 37 young (37888K), 3 survivors (3072K)
 Metaspace       used 68492K, committed 70528K, reserved 1114112K
  class space    used 9712K, committed 10688K, reserved 1048576K
}
Event: 70.611 GC heap after
{Heap after GC invocations=34 (full 0):
 garbage-first heap   total 124928K, used 78241K [0x0000000080000000, 0x0000000100000000)
  region size 1024K, 5 young (5120K), 5 survivors (5120K)
 Metaspace       used 68492K, committed 70528K, reserved 1114112K
  class space    used 9712K, committed 10688K, reserved 1048576K
}
Event: 71.557 GC heap before
{Heap before GC invocations=35 (full 0):
 garbage-first heap   total 132096K, used 112033K [0x0000000080000000, 0x0000000100000000)
  region size 1024K, 38 young (38912K), 5 survivors (5120K)
 Metaspace       used 69353K, committed 71552K, reserved 1114112K
  class space    used 9863K, committed 10944K, reserved 1048576K
}
Event: 71.574 GC heap after
{Heap after GC invocations=36 (full 0):
 garbage-first heap   total 132096K, used 82346K [0x0000000080000000, 0x0000000100000000)
  region size 1024K, 4 young (4096K), 4 survivors (4096K)
 Metaspace       used 69353K, committed 71552K, reserved 1114112K
  class space    used 9863K, committed 10944K, reserved 1048576K
}
Event: 73.839 GC heap before
{Heap before GC invocations=36 (full 0):
 garbage-first heap   total 132096K, used 119210K [0x0000000080000000, 0x0000000100000000)
  region size 1024K, 39 young (39936K), 4 survivors (4096K)
 Metaspace       used 72046K, committed 74176K, reserved 1114112K
  class space    used 10227K, committed 11264K, reserved 1048576K
}
Event: 73.856 GC heap after
{Heap after GC invocations=37 (full 0):
 garbage-first heap   total 132096K, used 84265K [0x0000000080000000, 0x0000000100000000)
  region size 1024K, 3 young (3072K), 3 survivors (3072K)
 Metaspace       used 72046K, committed 74176K, reserved 1114112K
  class space    used 10227K, committed 11264K, reserved 1048576K
}
Event: 75.563 GC heap before
{Heap before GC invocations=37 (full 0):
 garbage-first heap   total 132096K, used 119081K [0x0000000080000000, 0x0000000100000000)
  region size 1024K, 37 young (37888K), 3 survivors (3072K)
 Metaspace       used 74911K, committed 77056K, reserved 1179648K
  class space    used 10788K, committed 11840K, reserved 1048576K
}
Event: 75.568 GC heap after
{Heap after GC invocations=38 (full 0):
 garbage-first heap   total 132096K, used 84659K [0x0000000080000000, 0x0000000100000000)
  region size 1024K, 2 young (2048K), 2 survivors (2048K)
 Metaspace       used 74911K, committed 77056K, reserved 1179648K
  class space    used 10788K, committed 11840K, reserved 1048576K
}
Event: 77.273 GC heap before
{Heap before GC invocations=39 (full 0):
 garbage-first heap   total 143360K, used 120499K [0x0000000080000000, 0x0000000100000000)
  region size 1024K, 37 young (37888K), 2 survivors (2048K)
 Metaspace       used 77365K, committed 79616K, reserved 1179648K
  class space    used 11071K, committed 12160K, reserved 1048576K
}
Event: 77.279 GC heap after
{Heap after GC invocations=40 (full 0):
 garbage-first heap   total 143360K, used 85946K [0x0000000080000000, 0x0000000100000000)
  region size 1024K, 3 young (3072K), 3 survivors (3072K)
 Metaspace       used 77365K, committed 79616K, reserved 1179648K
  class space    used 11071K, committed 12160K, reserved 1048576K
}
Event: 80.145 GC heap before
{Heap before GC invocations=40 (full 0):
 garbage-first heap   total 143360K, used 129978K [0x0000000080000000, 0x0000000100000000)
  region size 1024K, 46 young (47104K), 3 survivors (3072K)
 Metaspace       used 80052K, committed 82304K, reserved 1179648K
  class space    used 11483K, committed 12608K, reserved 1048576K
}
Event: 80.154 GC heap after
{Heap after GC invocations=41 (full 0):
 garbage-first heap   total 143360K, used 88895K [0x0000000080000000, 0x0000000100000000)
  region size 1024K, 6 young (6144K), 6 survivors (6144K)
 Metaspace       used 80052K, committed 82304K, reserved 1179648K
  class space    used 11483K, committed 12608K, reserved 1048576K
}
Event: 82.385 GC heap before
{Heap before GC invocations=41 (full 0):
 garbage-first heap   total 143360K, used 131903K [0x0000000080000000, 0x0000000100000000)
  region size 1024K, 48 young (49152K), 6 survivors (6144K)
 Metaspace       used 82729K, committed 85056K, reserved 1179648K
  class space    used 11851K, committed 12992K, reserved 1048576K
}
Event: 82.398 GC heap after
{Heap after GC invocations=42 (full 0):
 garbage-first heap   total 143360K, used 91550K [0x0000000080000000, 0x0000000100000000)
  region size 1024K, 6 young (6144K), 6 survivors (6144K)
 Metaspace       used 82729K, committed 85056K, reserved 1179648K
  class space    used 11851K, committed 12992K, reserved 1048576K
}
Event: 84.973 GC heap before
{Heap before GC invocations=43 (full 0):
 garbage-first heap   total 153600K, used 132510K [0x0000000080000000, 0x0000000100000000)
  region size 1024K, 46 young (47104K), 6 survivors (6144K)
 Metaspace       used 84933K, committed 87168K, reserved 1179648K
  class space    used 12168K, committed 13248K, reserved 1048576K
}
Event: 84.994 GC heap after
{Heap after GC invocations=44 (full 0):
 garbage-first heap   total 153600K, used 95326K [0x0000000080000000, 0x0000000100000000)
  region size 1024K, 6 young (6144K), 6 survivors (6144K)
 Metaspace       used 84933K, committed 87168K, reserved 1179648K
  class space    used 12168K, committed 13248K, reserved 1048576K
}
Event: 269.041 GC heap before
{Heap before GC invocations=44 (full 0):
 garbage-first heap   total 153600K, used 139358K [0x0000000080000000, 0x0000000100000000)
  region size 1024K, 50 young (51200K), 6 survivors (6144K)
 Metaspace       used 87563K, committed 89792K, reserved 1179648K
  class space    used 12580K, committed 13696K, reserved 1048576K
}
Event: 269.209 GC heap after
{Heap after GC invocations=45 (full 0):
 garbage-first heap   total 153600K, used 98879K [0x0000000080000000, 0x0000000100000000)
  region size 1024K, 7 young (7168K), 7 survivors (7168K)
 Metaspace       used 87563K, committed 89792K, reserved 1179648K
  class space    used 12580K, committed 13696K, reserved 1048576K
}
Event: 282.406 GC heap before
{Heap before GC invocations=45 (full 0):
 garbage-first heap   total 153600K, used 140863K [0x0000000080000000, 0x0000000100000000)
  region size 1024K, 49 young (50176K), 7 survivors (7168K)
 Metaspace       used 88190K, committed 90496K, reserved 1179648K
  class space    used 12597K, committed 13760K, reserved 1048576K
}
Event: 282.442 GC heap after
{Heap after GC invocations=46 (full 0):
 garbage-first heap   total 155648K, used 105472K [0x0000000080000000, 0x0000000100000000)
  region size 1024K, 7 young (7168K), 7 survivors (7168K)
 Metaspace       used 88190K, committed 90496K, reserved 1179648K
  class space    used 12597K, committed 13760K, reserved 1048576K
}

