# JRE version: OpenJDK Runtime Environment Temurin-21.0.11+10 (21.0.11+10) (build 21.0.11+10-LTS)
# Java VM: OpenJDK 64-Bit Server VM Temurin-21.0.11+10 (21.0.11+10-LTS, mixed mode, sharing, tiered, compressed oops, compressed class ptrs, g1 gc, windows-amd64)
GC Precious Log:
 CardTable entry size: 512
 Card Set container configuration: InlinePtr #cards 5 size 8 Array Of Cards #cards 12 size 40 Howl #buckets 4 coarsen threshold 1843 Howl Bitmap #cards 512 size 80 coarsen threshold 460 Card regions per heap region 1 cards per card region 2048
 CPUs: 4 total, 4 available
 Memory: 7834M
 Large Page Support: Disabled
 NUMA Support: Disabled
 Compressed Oops: Enabled (32-bit)
 Heap Region Size: 1M
 Heap Min Capacity: 8M
 Heap Initial Capacity: 124M
 Heap Max Capacity: 2G
 Pre-touch: Disabled
 Parallel Workers: 4
 Concurrent Workers: 1
 Concurrent Refinement Workers: 4
 Periodic GC: Disabled
Heap:
 garbage-first heap   total 199680K, used 102587K [0x0000000080000000, 0x0000000100000000)
  region size 1024K, 12 young (12288K), 12 survivors (12288K)
 Metaspace       used 63233K, committed 64896K, reserved 491520K
  class space    used 8904K, committed 9728K, reserved 425984K
GC Heap History (20 events):
Event: 52.021 GC heap after
{Heap after GC invocations=35 (full 0):
 garbage-first heap   total 142336K, used 78215K [0x0000000080000000, 0x0000000100000000)
  region size 1024K, 5 young (5120K), 5 survivors (5120K)
 Metaspace       used 62970K, committed 64640K, reserved 491520K
  class space    used 8903K, committed 9728K, reserved 425984K
}
Event: 52.555 GC heap before
{Heap before GC invocations=35 (full 0):
 garbage-first heap   total 142336K, used 132487K [0x0000000080000000, 0x0000000100000000)
  region size 1024K, 60 young (61440K), 5 survivors (5120K)
 Metaspace       used 62987K, committed 64640K, reserved 491520K
  class space    used 8903K, committed 9728K, reserved 425984K
}
Event: 52.563 GC heap after
{Heap after GC invocations=36 (full 0):
 garbage-first heap   total 143360K, used 78063K [0x0000000080000000, 0x0000000100000000)
  region size 1024K, 5 young (5120K), 5 survivors (5120K)
 Metaspace       used 62987K, committed 64640K, reserved 491520K
  class space    used 8903K, committed 9728K, reserved 425984K
}
Event: 52.796 GC heap before
{Heap before GC invocations=36 (full 0):
 garbage-first heap   total 143360K, used 100591K [0x0000000080000000, 0x0000000100000000)
  region size 1024K, 29 young (29696K), 5 survivors (5120K)
 Metaspace       used 63004K, committed 64704K, reserved 491520K
  class space    used 8903K, committed 9728K, reserved 425984K
}
Event: 52.801 GC heap after
{Heap after GC invocations=37 (full 0):
 garbage-first heap   total 178176K, used 79075K [0x0000000080000000, 0x0000000100000000)
  region size 1024K, 4 young (4096K), 4 survivors (4096K)
 Metaspace       used 63004K, committed 64704K, reserved 491520K
  class space    used 8903K, committed 9728K, reserved 425984K
}
Event: 53.317 GC heap before
{Heap before GC invocations=38 (full 0):
 garbage-first heap   total 178176K, used 167139K [0x0000000080000000, 0x0000000100000000)
  region size 1024K, 90 young (92160K), 4 survivors (4096K)
 Metaspace       used 63010K, committed 64704K, reserved 491520K
  class space    used 8903K, committed 9728K, reserved 425984K
}
Event: 53.324 GC heap after
{Heap after GC invocations=39 (full 0):
 garbage-first heap   total 178176K, used 82053K [0x0000000080000000, 0x0000000100000000)
  region size 1024K, 6 young (6144K), 6 survivors (6144K)
 Metaspace       used 63010K, committed 64704K, reserved 491520K
  class space    used 8903K, committed 9728K, reserved 425984K
}
Event: 54.064 GC heap before
{Heap before GC invocations=39 (full 0):
 garbage-first heap   total 178176K, used 167045K [0x0000000080000000, 0x0000000100000000)
  region size 1024K, 90 young (92160K), 6 survivors (6144K)
 Metaspace       used 63043K, committed 64768K, reserved 491520K
  class space    used 8904K, committed 9728K, reserved 425984K
}
Event: 54.073 GC heap after
{Heap after GC invocations=40 (full 0):
 garbage-first heap   total 179200K, used 84085K [0x0000000080000000, 0x0000000100000000)
  region size 1024K, 8 young (8192K), 8 survivors (8192K)
 Metaspace       used 63043K, committed 64768K, reserved 491520K
  class space    used 8904K, committed 9728K, reserved 425984K
}
Event: 55.203 GC heap before
{Heap before GC invocations=40 (full 0):
 garbage-first heap   total 179200K, used 168053K [0x0000000080000000, 0x0000000100000000)
  region size 1024K, 91 young (93184K), 8 survivors (8192K)
 Metaspace       used 63081K, committed 64832K, reserved 491520K
  class space    used 8904K, committed 9728K, reserved 425984K
}
Event: 55.213 GC heap after
{Heap after GC invocations=41 (full 0):
 garbage-first heap   total 179200K, used 84676K [0x0000000080000000, 0x0000000100000000)
  region size 1024K, 8 young (8192K), 8 survivors (8192K)
 Metaspace       used 63081K, committed 64832K, reserved 491520K
  class space    used 8904K, committed 9728K, reserved 425984K
}
Event: 55.871 GC heap before
{Heap before GC invocations=42 (full 0):
 garbage-first heap   total 179200K, used 167620K [0x0000000080000000, 0x0000000100000000)
  region size 1024K, 91 young (93184K), 8 survivors (8192K)
 Metaspace       used 63105K, committed 64832K, reserved 491520K
  class space    used 8904K, committed 9728K, reserved 425984K
}
Event: 55.880 GC heap after
{Heap after GC invocations=43 (full 0):
 garbage-first heap   total 181248K, used 87278K [0x0000000080000000, 0x0000000100000000)
  region size 1024K, 9 young (9216K), 9 survivors (9216K)
 Metaspace       used 63105K, committed 64832K, reserved 491520K
  class space    used 8904K, committed 9728K, reserved 425984K
}
Event: 56.427 GC heap before
{Heap before GC invocations=43 (full 0):
 garbage-first heap   total 181248K, used 170222K [0x0000000080000000, 0x0000000100000000)
  region size 1024K, 90 young (92160K), 9 survivors (9216K)
 Metaspace       used 63143K, committed 64832K, reserved 491520K
  class space    used 8904K, committed 9728K, reserved 425984K
}
Event: 56.435 GC heap after
{Heap after GC invocations=44 (full 0):
 garbage-first heap   total 184320K, used 88086K [0x0000000080000000, 0x0000000100000000)
  region size 1024K, 8 young (8192K), 8 survivors (8192K)
 Metaspace       used 63143K, committed 64832K, reserved 491520K
  class space    used 8904K, committed 9728K, reserved 425984K
}
Event: 56.861 GC heap before
{Heap before GC invocations=44 (full 0):
 garbage-first heap   total 184320K, used 162838K [0x0000000080000000, 0x0000000100000000)
  region size 1024K, 83 young (84992K), 8 survivors (8192K)
 Metaspace       used 63174K, committed 64896K, reserved 491520K
  class space    used 8904K, committed 9728K, reserved 425984K
}
Event: 56.868 GC heap after
{Heap after GC invocations=45 (full 0):
 garbage-first heap   total 184320K, used 90111K [0x0000000080000000, 0x0000000100000000)
  region size 1024K, 8 young (8192K), 8 survivors (8192K)
 Metaspace       used 63174K, committed 64896K, reserved 491520K
  class space    used 8904K, committed 9728K, reserved 425984K
}
Event: 57.163 GC heap before
{Heap before GC invocations=46 (full 0):
 garbage-first heap   total 184320K, used 174079K [0x0000000080000000, 0x0000000100000000)
  region size 1024K, 90 young (92160K), 8 survivors (8192K)
 Metaspace       used 63186K, committed 64896K, reserved 491520K
  class space    used 8904K, committed 9728K, reserved 425984K
}
Event: 57.171 GC heap after
{Heap after GC invocations=47 (full 0):
 garbage-first heap   total 186368K, used 89242K [0x0000000080000000, 0x0000000100000000)
  region size 1024K, 8 young (8192K), 8 survivors (8192K)
 Metaspace       used 63186K, committed 64896K, reserved 491520K
  class space    used 8904K, committed 9728K, reserved 425984K
}
Event: 57.809 GC heap before
{Heap before GC invocations=47 (full 0):
 garbage-first heap   total 186368K, used 176282K [0x0000000080000000, 0x0000000100000000)
  region size 1024K, 92 young (94208K), 8 survivors (8192K)
 Metaspace       used 63233K, committed 64896K, reserved 491520K
  class space    used 8904K, committed 9728K, reserved 425984K
}

