# JRE version: OpenJDK Runtime Environment Temurin-21.0.11+10 (21.0.11+10) (build 21.0.11+10-LTS)
# Java VM: OpenJDK 64-Bit Server VM Temurin-21.0.11+10 (21.0.11+10-LTS, mixed mode, sharing, tiered, compressed oops, compressed class ptrs, parallel gc, windows-amd64)
GC Precious Log:
 CardTable entry size: 512
 CPUs: 4 total, 4 available
 Memory: 7834M
 Large Page Support: Disabled
 NUMA Support: Disabled
 Compressed Oops: Enabled (32-bit)
 Alignments: Space 512K, Generation 512K, Heap 2M
 Heap Min Capacity: 100M
 Heap Initial Capacity: 100M
 Heap Max Capacity: 2G
 Pre-touch: Disabled
 Parallel Workers: 4
Heap:
 PSYoungGen      total 14336K, used 3028K [0x00000000d5580000, 0x00000000d6f80000, 0x0000000100000000)
  eden space 12800K, 11% used [0x00000000d5580000,0x00000000d56faca8,0x00000000d6200000)
  from space 1536K, 98% used [0x00000000d6700000,0x00000000d687a540,0x00000000d6880000)
  to   space 5120K, 0% used [0x00000000d6200000,0x00000000d6200000,0x00000000d6700000)
 ParOldGen       total 99840K, used 99437K [0x0000000080000000, 0x0000000086180000, 0x00000000d5580000)
  object space 99840K, 99% used [0x0000000080000000,0x000000008611b438,0x0000000086180000)
 Metaspace       used 72258K, committed 73856K, reserved 1114112K
  class space    used 8914K, committed 9664K, reserved 1048576K
GC Heap History (20 events):
Event: 767.344 GC heap before
{Heap before GC invocations=170 (full 3):
 PSYoungGen      total 16896K, used 16512K [0x00000000d5580000, 0x00000000d6a80000, 0x0000000100000000)
  eden space 16384K, 100% used [0x00000000d5580000,0x00000000d6580000,0x00000000d6580000)
  from space 512K, 25% used [0x00000000d6a00000,0x00000000d6a20000,0x00000000d6a80000)
  to   space 1024K, 0% used [0x00000000d6880000,0x00000000d6880000,0x00000000d6980000)
 ParOldGen       total 92160K, used 91864K [0x0000000080000000, 0x0000000085a00000, 0x00000000d5580000)
  object space 92160K, 99% used [0x0000000080000000,0x00000000859b62e0,0x0000000085a00000)
 Metaspace       used 71994K, committed 73600K, reserved 1114112K
  class space    used 8904K, committed 9600K, reserved 1048576K
}
Event: 767.347 GC heap after
{Heap after GC invocations=170 (full 3):
 PSYoungGen      total 17408K, used 604K [0x00000000d5580000, 0x00000000d6a80000, 0x0000000100000000)
  eden space 16384K, 0% used [0x00000000d5580000,0x00000000d5580000,0x00000000d6580000)
  from space 1024K, 59% used [0x00000000d6880000,0x00000000d6917118,0x00000000d6980000)
  to   space 1024K, 0% used [0x00000000d6980000,0x00000000d6980000,0x00000000d6a80000)
 ParOldGen       total 92160K, used 91910K [0x0000000080000000, 0x0000000085a00000, 0x00000000d5580000)
  object space 92160K, 99% used [0x0000000080000000,0x00000000859c1948,0x0000000085a00000)
 Metaspace       used 71994K, committed 73600K, reserved 1114112K
  class space    used 8904K, committed 9600K, reserved 1048576K
}
Event: 768.983 GC heap before
{Heap before GC invocations=171 (full 3):
 PSYoungGen      total 17408K, used 16988K [0x00000000d5580000, 0x00000000d6a80000, 0x0000000100000000)
  eden space 16384K, 100% used [0x00000000d5580000,0x00000000d6580000,0x00000000d6580000)
  from space 1024K, 59% used [0x00000000d6880000,0x00000000d6917118,0x00000000d6980000)
  to   space 1024K, 0% used [0x00000000d6980000,0x00000000d6980000,0x00000000d6a80000)
 ParOldGen       total 92160K, used 91910K [0x0000000080000000, 0x0000000085a00000, 0x00000000d5580000)
  object space 92160K, 99% used [0x0000000080000000,0x00000000859c1948,0x0000000085a00000)
 Metaspace       used 71999K, committed 73600K, reserved 1114112K
  class space    used 8904K, committed 9600K, reserved 1048576K
}
Event: 768.987 GC heap after
{Heap after GC invocations=171 (full 3):
 PSYoungGen      total 17408K, used 928K [0x00000000d5580000, 0x00000000d6a80000, 0x0000000100000000)
  eden space 16384K, 0% used [0x00000000d5580000,0x00000000d5580000,0x00000000d6580000)
  from space 1024K, 90% used [0x00000000d6980000,0x00000000d6a68000,0x00000000d6a80000)
  to   space 1024K, 0% used [0x00000000d6880000,0x00000000d6880000,0x00000000d6980000)
 ParOldGen       total 92672K, used 92281K [0x0000000080000000, 0x0000000085a80000, 0x00000000d5580000)
  object space 92672K, 99% used [0x0000000080000000,0x0000000085a1e4d0,0x0000000085a80000)
 Metaspace       used 71999K, committed 73600K, reserved 1114112K
  class space    used 8904K, committed 9600K, reserved 1048576K
}
Event: 769.545 GC heap before
{Heap before GC invocations=172 (full 3):
 PSYoungGen      total 17408K, used 17312K [0x00000000d5580000, 0x00000000d6a80000, 0x0000000100000000)
  eden space 16384K, 100% used [0x00000000d5580000,0x00000000d6580000,0x00000000d6580000)
  from space 1024K, 90% used [0x00000000d6980000,0x00000000d6a68000,0x00000000d6a80000)
  to   space 1024K, 0% used [0x00000000d6880000,0x00000000d6880000,0x00000000d6980000)
 ParOldGen       total 92672K, used 92281K [0x0000000080000000, 0x0000000085a80000, 0x00000000d5580000)
  object space 92672K, 99% used [0x0000000080000000,0x0000000085a1e4d0,0x0000000085a80000)
 Metaspace       used 71999K, committed 73600K, reserved 1114112K
  class space    used 8904K, committed 9600K, reserved 1048576K
}
Event: 769.547 GC heap after
{Heap after GC invocations=172 (full 3):
 PSYoungGen      total 16896K, used 448K [0x00000000d5580000, 0x00000000d6a00000, 0x0000000100000000)
  eden space 16384K, 0% used [0x00000000d5580000,0x00000000d5580000,0x00000000d6580000)
  from space 512K, 87% used [0x00000000d6880000,0x00000000d68f0000,0x00000000d6900000)
  to   space 1024K, 0% used [0x00000000d6900000,0x00000000d6900000,0x00000000d6a00000)
 ParOldGen       total 93184K, used 92892K [0x0000000080000000, 0x0000000085b00000, 0x00000000d5580000)
  object space 93184K, 99% used [0x0000000080000000,0x0000000085ab7340,0x0000000085b00000)
 Metaspace       used 71999K, committed 73600K, reserved 1114112K
  class space    used 8904K, committed 9600K, reserved 1048576K
}
Event: 770.791 GC heap before
{Heap before GC invocations=173 (full 3):
 PSYoungGen      total 16896K, used 16832K [0x00000000d5580000, 0x00000000d6a00000, 0x0000000100000000)
  eden space 16384K, 100% used [0x00000000d5580000,0x00000000d6580000,0x00000000d6580000)
  from space 512K, 87% used [0x00000000d6880000,0x00000000d68f0000,0x00000000d6900000)
  to   space 1024K, 0% used [0x00000000d6900000,0x00000000d6900000,0x00000000d6a00000)
 ParOldGen       total 93184K, used 92892K [0x0000000080000000, 0x0000000085b00000, 0x00000000d5580000)
  object space 93184K, 99% used [0x0000000080000000,0x0000000085ab7340,0x0000000085b00000)
 Metaspace       used 72004K, committed 73600K, reserved 1114112K
  class space    used 8904K, committed 9600K, reserved 1048576K
}
Event: 770.795 GC heap after
{Heap after GC invocations=173 (full 3):
 PSYoungGen      total 17408K, used 736K [0x00000000d5580000, 0x00000000d6a00000, 0x0000000100000000)
  eden space 16384K, 0% used [0x00000000d5580000,0x00000000d5580000,0x00000000d6580000)
  from space 1024K, 71% used [0x00000000d6900000,0x00000000d69b8000,0x00000000d6a00000)
  to   space 1024K, 0% used [0x00000000d6800000,0x00000000d6800000,0x00000000d6900000)
 ParOldGen       total 93696K, used 93213K [0x0000000080000000, 0x0000000085b80000, 0x00000000d5580000)
  object space 93696K, 99% used [0x0000000080000000,0x0000000085b074c0,0x0000000085b80000)
 Metaspace       used 72004K, committed 73600K, reserved 1114112K
  class space    used 8904K, committed 9600K, reserved 1048576K
}
Event: 772.661 GC heap before
{Heap before GC invocations=174 (full 3):
 PSYoungGen      total 17408K, used 17120K [0x00000000d5580000, 0x00000000d6a00000, 0x0000000100000000)
  eden space 16384K, 100% used [0x00000000d5580000,0x00000000d6580000,0x00000000d6580000)
  from space 1024K, 71% used [0x00000000d6900000,0x00000000d69b8000,0x00000000d6a00000)
  to   space 1024K, 0% used [0x00000000d6800000,0x00000000d6800000,0x00000000d6900000)
 ParOldGen       total 93696K, used 93213K [0x0000000080000000, 0x0000000085b80000, 0x00000000d5580000)
  object space 93696K, 99% used [0x0000000080000000,0x0000000085b074c0,0x0000000085b80000)
 Metaspace       used 72006K, committed 73600K, reserved 1114112K
  class space    used 8904K, committed 9600K, reserved 1048576K
}
Event: 772.664 GC heap after
{Heap after GC invocations=174 (full 3):
 PSYoungGen      total 16896K, used 462K [0x00000000d5580000, 0x00000000d6980000, 0x0000000100000000)
  eden space 16384K, 0% used [0x00000000d5580000,0x00000000d5580000,0x00000000d6580000)
  from space 512K, 90% used [0x00000000d6800000,0x00000000d6873a38,0x00000000d6880000)
  to   space 1024K, 0% used [0x00000000d6880000,0x00000000d6880000,0x00000000d6980000)
 ParOldGen       total 94208K, used 93761K [0x0000000080000000, 0x0000000085c00000, 0x00000000d5580000)
  object space 94208K, 99% used [0x0000000080000000,0x0000000085b905e0,0x0000000085c00000)
 Metaspace       used 72006K, committed 73600K, reserved 1114112K
  class space    used 8904K, committed 9600K, reserved 1048576K
}
Event: 774.260 GC heap before
{Heap before GC invocations=175 (full 3):
 PSYoungGen      total 16896K, used 16846K [0x00000000d5580000, 0x00000000d6980000, 0x0000000100000000)
  eden space 16384K, 100% used [0x00000000d5580000,0x00000000d6580000,0x00000000d6580000)
  from space 512K, 90% used [0x00000000d6800000,0x00000000d6873a38,0x00000000d6880000)
  to   space 1024K, 0% used [0x00000000d6880000,0x00000000d6880000,0x00000000d6980000)
 ParOldGen       total 94208K, used 93761K [0x0000000080000000, 0x0000000085c00000, 0x00000000d5580000)
  object space 94208K, 99% used [0x0000000080000000,0x0000000085b905e0,0x0000000085c00000)
 Metaspace       used 72047K, committed 73664K, reserved 1114112K
  class space    used 8904K, committed 9600K, reserved 1048576K
}
Event: 774.263 GC heap after
{Heap after GC invocations=175 (full 3):
 PSYoungGen      total 17408K, used 1001K [0x00000000d5580000, 0x00000000d6980000, 0x0000000100000000)
  eden space 16384K, 0% used [0x00000000d5580000,0x00000000d5580000,0x00000000d6580000)
  from space 1024K, 97% used [0x00000000d6880000,0x00000000d697a588,0x00000000d6980000)
  to   space 2048K, 0% used [0x00000000d6580000,0x00000000d6580000,0x00000000d6780000)
 ParOldGen       total 94720K, used 94286K [0x0000000080000000, 0x0000000085c80000, 0x00000000d5580000)
  object space 94720K, 99% used [0x0000000080000000,0x0000000085c13a10,0x0000000085c80000)
 Metaspace       used 72047K, committed 73664K, reserved 1114112K
  class space    used 8904K, committed 9600K, reserved 1048576K
}
Event: 776.663 GC heap before
{Heap before GC invocations=176 (full 3):
 PSYoungGen      total 17408K, used 17385K [0x00000000d5580000, 0x00000000d6980000, 0x0000000100000000)
  eden space 16384K, 100% used [0x00000000d5580000,0x00000000d6580000,0x00000000d6580000)
  from space 1024K, 97% used [0x00000000d6880000,0x00000000d697a588,0x00000000d6980000)
  to   space 2048K, 0% used [0x00000000d6580000,0x00000000d6580000,0x00000000d6780000)
 ParOldGen       total 94720K, used 94286K [0x0000000080000000, 0x0000000085c80000, 0x00000000d5580000)
  object space 94720K, 99% used [0x0000000080000000,0x0000000085c13a10,0x0000000085c80000)
 Metaspace       used 72054K, committed 73664K, reserved 1114112K
  class space    used 8904K, committed 9600K, reserved 1048576K
}
Event: 776.668 GC heap after
{Heap after GC invocations=176 (full 3):
 PSYoungGen      total 18432K, used 416K [0x00000000d5580000, 0x00000000d6900000, 0x0000000100000000)
  eden space 16384K, 0% used [0x00000000d5580000,0x00000000d5580000,0x00000000d6580000)
  from space 2048K, 20% used [0x00000000d6580000,0x00000000d65e8000,0x00000000d6780000)
  to   space 1024K, 0% used [0x00000000d6800000,0x00000000d6800000,0x00000000d6900000)
 ParOldGen       total 95232K, used 95152K [0x0000000080000000, 0x0000000085d00000, 0x00000000d5580000)
  object space 95232K, 99% used [0x0000000080000000,0x0000000085cec3b8,0x0000000085d00000)
 Metaspace       used 72054K, committed 73664K, reserved 1114112K
  class space    used 8904K, committed 9600K, reserved 1048576K
}
Event: 780.511 GC heap before
{Heap before GC invocations=177 (full 3):
 PSYoungGen      total 18432K, used 16800K [0x00000000d5580000, 0x00000000d6900000, 0x0000000100000000)
  eden space 16384K, 100% used [0x00000000d5580000,0x00000000d6580000,0x00000000d6580000)
  from space 2048K, 20% used [0x00000000d6580000,0x00000000d65e8000,0x00000000d6780000)
  to   space 1024K, 0% used [0x00000000d6800000,0x00000000d6800000,0x00000000d6900000)
 ParOldGen       total 95232K, used 95152K [0x0000000080000000, 0x0000000085d00000, 0x00000000d5580000)
  object space 95232K, 99% used [0x0000000080000000,0x0000000085cec3b8,0x0000000085d00000)
 Metaspace       used 72076K, committed 73664K, reserved 1114112K
  class space    used 8904K, committed 9600K, reserved 1048576K
}
Event: 780.517 GC heap after
{Heap after GC invocations=177 (full 3):
 PSYoungGen      total 17408K, used 1008K [0x00000000d5580000, 0x00000000d6980000, 0x0000000100000000)
  eden space 16384K, 0% used [0x00000000d5580000,0x00000000d5580000,0x00000000d6580000)
  from space 1024K, 98% used [0x00000000d6800000,0x00000000d68fc010,0x00000000d6900000)
  to   space 2048K, 0% used [0x00000000d6580000,0x00000000d6580000,0x00000000d6780000)
 ParOldGen       total 96256K, used 95759K [0x0000000080000000, 0x0000000085e00000, 0x00000000d5580000)
  object space 96256K, 99% used [0x0000000080000000,0x0000000085d83df0,0x0000000085e00000)
 Metaspace       used 72076K, committed 73664K, reserved 1114112K
  class space    used 8904K, committed 9600K, reserved 1048576K
}
Event: 785.888 GC heap before
{Heap before GC invocations=178 (full 3):
 PSYoungGen      total 17408K, used 17392K [0x00000000d5580000, 0x00000000d6980000, 0x0000000100000000)
  eden space 16384K, 100% used [0x00000000d5580000,0x00000000d6580000,0x00000000d6580000)
  from space 1024K, 98% used [0x00000000d6800000,0x00000000d68fc010,0x00000000d6900000)
  to   space 2048K, 0% used [0x00000000d6580000,0x00000000d6580000,0x00000000d6780000)
 ParOldGen       total 96256K, used 95759K [0x0000000080000000, 0x0000000085e00000, 0x00000000d5580000)
  object space 96256K, 99% used [0x0000000080000000,0x0000000085d83df0,0x0000000085e00000)
 Metaspace       used 72255K, committed 73856K, reserved 1114112K
  class space    used 8914K, committed 9664K, reserved 1048576K
}
Event: 785.893 GC heap after
{Heap after GC invocations=178 (full 3):
 PSYoungGen      total 17408K, used 1021K [0x00000000d5580000, 0x00000000d6880000, 0x0000000100000000)
  eden space 16384K, 0% used [0x00000000d5580000,0x00000000d5580000,0x00000000d6580000)
  from space 1024K, 99% used [0x00000000d6580000,0x00000000d667f6c8,0x00000000d6680000)
  to   space 1536K, 0% used [0x00000000d6700000,0x00000000d6700000,0x00000000d6880000)
 ParOldGen       total 96768K, used 96730K [0x0000000080000000, 0x0000000085e80000, 0x00000000d5580000)
  object space 96768K, 99% used [0x0000000080000000,0x0000000085e76ad8,0x0000000085e80000)
 Metaspace       used 72255K, committed 73856K, reserved 1114112K
  class space    used 8914K, committed 9664K, reserved 1048576K
}
Event: 800.011 GC heap before
{Heap before GC invocations=179 (full 3):
 PSYoungGen      total 17408K, used 17405K [0x00000000d5580000, 0x00000000d6880000, 0x0000000100000000)
  eden space 16384K, 100% used [0x00000000d5580000,0x00000000d6580000,0x00000000d6580000)
  from space 1024K, 99% used [0x00000000d6580000,0x00000000d667f6c8,0x00000000d6680000)
  to   space 1536K, 0% used [0x00000000d6700000,0x00000000d6700000,0x00000000d6880000)
 ParOldGen       total 96768K, used 96730K [0x0000000080000000, 0x0000000085e80000, 0x00000000d5580000)
  object space 96768K, 99% used [0x0000000080000000,0x0000000085e76ad8,0x0000000085e80000)
 Metaspace       used 72258K, committed 73856K, reserved 1114112K
  class space    used 8914K, committed 9664K, reserved 1048576K
}
Event: 800.044 GC heap after
{Heap after GC invocations=179 (full 3):
 PSYoungGen      total 14336K, used 1513K [0x00000000d5580000, 0x00000000d6f80000, 0x0000000100000000)
  eden space 12800K, 0% used [0x00000000d5580000,0x00000000d5580000,0x00000000d6200000)
  from space 1536K, 98% used [0x00000000d6700000,0x00000000d687a540,0x00000000d6880000)
  to   space 5120K, 0% used [0x00000000d6200000,0x00000000d6200000,0x00000000d6700000)
 ParOldGen       total 99840K, used 99437K [0x0000000080000000, 0x0000000086180000, 0x00000000d5580000)
  object space 99840K, 99% used [0x0000000080000000,0x000000008611b438,0x0000000086180000)
 Metaspace       used 72258K, committed 73856K, reserved 1114112K
  class space    used 8914K, committed 9664K, reserved 1048576K
}

